app/build/intermediates/manifest_merge_blame_file/debug/manifest-merger-blame-debug-report.txt
1<?xml version="1.0" encoding="utf-8"?>
2<manifest xmlns:android="http://schemas.android.com/apk/res/android"
3    package="com.example.cryptocurrency"
4    android:versionCode="1"
5    android:versionName="1.0" >
6
7    <uses-sdk
8        android:minSdkVersion="15"
8-->src\main\AndroidManifest.xml
9        android:targetSdkVersion="29" />
9-->src\main\AndroidManifest.xml
10
11    <uses-permission android:name="android.permission.INTERNET" />
11-->src\main\AndroidManifest.xml:5:5-67
11-->src\main\AndroidManifest.xml:5:22-64
12    <uses-permission android:name="android.permission.ACCESS_NETWORK_STATE" />
12-->src\main\AndroidManifest.xml:6:5-79
12-->src\main\AndroidManifest.xml:6:22-76
13    <uses-permission android:name="android.permission.READ_EXTERNAL_STORAGE" />
13-->src\main\AndroidManifest.xml:7:5-79
13-->src\main\AndroidManifest.xml:7:22-77
14    <uses-permission android:name="android.permission.ACCESS_WIFI_STATE" />
14-->src\main\AndroidManifest.xml:8:5-76
14-->src\main\AndroidManifest.xml:8:22-73
15    <uses-permission android:name="android.permission.WRITE_EXTERNAL_STORAGE" />
15-->src\main\AndroidManifest.xml:9:5-81
15-->src\main\AndroidManifest.xml:9:22-78
16
17    <application
17-->src\main\AndroidManifest.xml:11:5-32:19
18        android:allowBackup="true"
18-->src\main\AndroidManifest.xml:12:9-35
19        android:appComponentFactory="androidx.core.app.CoreComponentFactory"
19-->[androidx.core:core:1.0.1] AndroidManifest.xml:22:18-86
20        android:debuggable="true"
21        android:icon="@mipmap/ic_launcher"
21-->src\main\AndroidManifest.xml:13:9-43
22        android:label="@string/app_name"
22-->src\main\AndroidManifest.xml:14:9-41
23        android:roundIcon="@mipmap/ic_launcher_round"
23-->src\main\AndroidManifest.xml:15:9-54
24        android:supportsRtl="true"
24-->src\main\AndroidManifest.xml:16:9-35
25        android:testOnly="true"
26        android:theme="@style/AppTheme" >
26-->src\main\AndroidManifest.xml:17:9-40
27        <activity
27-->src\main\AndroidManifest.xml:18:9-21:68
28            android:name="com.example.cryptocurrency.CoinDetailsTab"
28-->src\main\AndroidManifest.xml:19:13-43
29            android:label="@string/title_activity_coin_details_tab"
29-->src\main\AndroidManifest.xml:20:13-68
30            android:theme="@style/AppTheme.NoActionBar" />
30-->src\main\AndroidManifest.xml:21:13-56
31        <activity android:name="com.example.cryptocurrency.MainActivity" >
31-->src\main\AndroidManifest.xml:22:9-28:20
31-->src\main\AndroidManifest.xml:22:19-47
32            <intent-filter>
32-->src\main\AndroidManifest.xml:23:13-27:29
33                <action android:name="android.intent.action.MAIN" />
33-->src\main\AndroidManifest.xml:24:17-69
33-->src\main\AndroidManifest.xml:24:25-66
34
35                <category android:name="android.intent.category.LAUNCHER" />
35-->src\main\AndroidManifest.xml:26:17-77
35-->src\main\AndroidManifest.xml:26:27-74
36            </intent-filter>
37        </activity>
38
39        <meta-data
39-->src\main\AndroidManifest.xml:29:9-31:96
40            android:name="com.google.android.geo.API_KEY"
40-->src\main\AndroidManifest.xml:30:13-58
41            android:value="6eff788ab8ad19fe54ee0f4e21a67248ffb249cd8b52fcd725016f13bd0e6cfe" />
41-->src\main\AndroidManifest.xml:31:13-93
42
43        <provider
43-->[com.squareup.picasso:picasso:2.71828] AndroidManifest.xml:8:9-11:40
44            android:name="com.squareup.picasso.PicassoProvider"
44-->[com.squareup.picasso:picasso:2.71828] AndroidManifest.xml:9:13-64
45            android:authorities="com.example.cryptocurrency.com.squareup.picasso"
45-->[com.squareup.picasso:picasso:2.71828] AndroidManifest.xml:10:13-72
46            android:exported="false" />
46-->[com.squareup.picasso:picasso:2.71828] AndroidManifest.xml:11:13-37
47        <provider
47-->[androidx.lifecycle:lifecycle-process:2.0.0] AndroidManifest.xml:23:9-27:43
48            android:name="androidx.lifecycle.ProcessLifecycleOwnerInitializer"
48-->[androidx.lifecycle:lifecycle-process:2.0.0] AndroidManifest.xml:24:13-79
49            android:authorities="com.example.cryptocurrency.lifecycle-process"
49-->[androidx.lifecycle:lifecycle-process:2.0.0] AndroidManifest.xml:25:13-69
50            android:exported="false"
50-->[androidx.lifecycle:lifecycle-process:2.0.0] AndroidManifest.xml:26:13-37
51            android:multiprocess="true" />
51-->[androidx.lifecycle:lifecycle-process:2.0.0] AndroidManifest.xml:27:13-40
52    </application>
53
54</manifest>